1519825231590	geckodriver	INFO	Listening on 127.0.0.1:45852
1519825234517	geckodriver::marionette	INFO	Starting browser /usr/bin/firefox with args ["-marionette"]

(firefox-esr:14771): GLib-GObject-CRITICAL **: g_object_ref: assertion 'object->ref_count > 0' failed

(firefox-esr:14771): GLib-GObject-CRITICAL **: g_object_unref: assertion 'object->ref_count > 0' failed

(firefox-esr:14771): GLib-GObject-CRITICAL **: g_object_ref: assertion 'object->ref_count > 0' failed

(firefox-esr:14771): GLib-GObject-CRITICAL **: g_object_unref: assertion 'object->ref_count > 0' failed
1519825247528	Marionette	INFO	Listening on port 56822
1519825248363	Marionette	WARN	TLS certificate errors will be ignored for this session

(/usr/lib/firefox-esr/plugin-container:14833): GLib-GObject-CRITICAL **: g_object_ref: assertion 'object->ref_count > 0' failed

(/usr/lib/firefox-esr/plugin-container:14833): GLib-GObject-CRITICAL **: g_object_unref: assertion 'object->ref_count > 0' failed

(/usr/lib/firefox-esr/plugin-container:14833): GLib-GObject-CRITICAL **: g_object_ref: assertion 'object->ref_count > 0' failed

(/usr/lib/firefox-esr/plugin-container:14833): GLib-GObject-CRITICAL **: g_object_unref: assertion 'object->ref_count > 0' failed

(firefox-esr:14771): GLib-GObject-CRITICAL **: g_object_ref: assertion 'object->ref_count > 0' failed

(firefox-esr:14771): GLib-GObject-CRITICAL **: g_object_unref: assertion 'object->ref_count > 0' failed
1519825330284	geckodriver	INFO	Listening on 127.0.0.1:45503
1519825332578	geckodriver::marionette	INFO	Starting browser /usr/bin/firefox with args ["-marionette"]

(firefox-esr:14927): GLib-GObject-CRITICAL **: g_object_ref: assertion 'object->ref_count > 0' failed

(firefox-esr:14927): GLib-GObject-CRITICAL **: g_object_unref: assertion 'object->ref_count > 0' failed

(firefox-esr:14927): GLib-GObject-CRITICAL **: g_object_ref: assertion 'object->ref_count > 0' failed

(firefox-esr:14927): GLib-GObject-CRITICAL **: g_object_unref: assertion 'object->ref_count > 0' failed
1519825336964	Marionette	INFO	Listening on port 53211
1519825337544	Marionette	WARN	TLS certificate errors will be ignored for this session

(/usr/lib/firefox-esr/plugin-container:14990): GLib-GObject-CRITICAL **: g_object_ref: assertion 'object->ref_count > 0' failed

(/usr/lib/firefox-esr/plugin-container:14990): GLib-GObject-CRITICAL **: g_object_unref: assertion 'object->ref_count > 0' failed

(/usr/lib/firefox-esr/plugin-container:14990): GLib-GObject-CRITICAL **: g_object_ref: assertion 'object->ref_count > 0' failed

(/usr/lib/firefox-esr/plugin-container:14990): GLib-GObject-CRITICAL **: g_object_unref: assertion 'object->ref_count > 0' failed
*************************
A coding exception was thrown and uncaught in a Task.

Full message: TypeError: NetworkError when attempting to fetch resource.
Full stack: 
*************************
1534849506991	geckodriver	INFO	Listening on 127.0.0.1:54556
1534849508153	geckodriver::marionette	INFO	Starting browser /usr/bin/firefox with args ["-marionette"]
1534849511161	Marionette	INFO	Listening on port 43319
1534849511608	Marionette	WARN	TLS certificate errors will be ignored for this session
